# JRE version: OpenJDK Runtime Environment Temurin-17.0.13+11 (17.0.13+11) (build 17.0.13+11)
# Java VM: OpenJDK 64-Bit Server VM Temurin-17.0.13+11 (17.0.13+11, mixed mode, tiered, compressed oops, compressed class ptrs, parallel gc, windows-amd64)
GC Precious Log:
 CPUs: 16 total, 16 available
 Memory: 32469M
 Large Page Support: Disabled
 NUMA Support: Disabled
 Compressed Oops: Enabled (32-bit)
 Alignments: Space 512K, Generation 512K, Heap 2M
 Heap Min Capacity: 100M
 Heap Initial Capacity: 100M
 Heap Max Capacity: 1G
 Pre-touch: Disabled
 Parallel Workers: 13
Heap:
 PSYoungGen      total 53248K, used 53243K [0x00000000eab00000, 0x00000000f2800000, 0x0000000100000000)
  eden space 39936K, 100% used [0x00000000eab00000,0x00000000ed200000,0x00000000ed200000)
  from space 13312K, 99% used [0x00000000ed380000,0x00000000ee07ec30,0x00000000ee080000)
  to   space 44032K, 0% used [0x00000000efd00000,0x00000000efd00000,0x00000000f2800000)
 ParOldGen       total 288768K, used 270228K [0x00000000c0000000, 0x00000000d1a00000, 0x00000000eab00000)
  object space 288768K, 93% used [0x00000000c0000000,0x00000000d07e5138,0x00000000d1a00000)
 Metaspace       used 76486K, committed 77760K, reserved 1179648K
  class space    used 8060K, committed 8576K, reserved 1048576K
GC Heap History (20 events):
Event: 14.334 GC heap before
{Heap before GC invocations=228 (full 9):
 PSYoungGen      total 35328K, used 35078K [0x00000000eab00000, 0x00000000ed700000, 0x0000000100000000)
  eden space 27648K, 100% used [0x00000000eab00000,0x00000000ec600000,0x00000000ec600000)
  from space 7680K, 96% used [0x00000000ecf80000,0x00000000ed6c1a90,0x00000000ed700000)
  to   space 8704K, 0% used [0x00000000ec600000,0x00000000ec600000,0x00000000ece80000)
 ParOldGen       total 224256K, used 207698K [0x00000000c0000000, 0x00000000cdb00000, 0x00000000eab00000)
  object space 224256K, 92% used [0x00000000c0000000,0x00000000ccad4800,0x00000000cdb00000)
 Metaspace       used 76431K, committed 77696K, reserved 1179648K
  class space    used 8057K, committed 8576K, reserved 1048576K
}
Event: 14.337 GC heap after
{Heap after GC invocations=228 (full 9):
 PSYoungGen      total 36352K, used 8703K [0x00000000eab00000, 0x00000000edf80000, 0x0000000100000000)
  eden space 27648K, 0% used [0x00000000eab00000,0x00000000eab00000,0x00000000ec600000)
  from space 8704K, 99% used [0x00000000ec600000,0x00000000ece7ffa8,0x00000000ece80000)
  to   space 12288K, 0% used [0x00000000ed380000,0x00000000ed380000,0x00000000edf80000)
 ParOldGen       total 224256K, used 210485K [0x00000000c0000000, 0x00000000cdb00000, 0x00000000eab00000)
  object space 224256K, 93% used [0x00000000c0000000,0x00000000ccd8d720,0x00000000cdb00000)
 Metaspace       used 76431K, committed 77696K, reserved 1179648K
  class space    used 8057K, committed 8576K, reserved 1048576K
}
Event: 14.400 GC heap before
{Heap before GC invocations=229 (full 9):
 PSYoungGen      total 36352K, used 36351K [0x00000000eab00000, 0x00000000edf80000, 0x0000000100000000)
  eden space 27648K, 100% used [0x00000000eab00000,0x00000000ec600000,0x00000000ec600000)
  from space 8704K, 99% used [0x00000000ec600000,0x00000000ece7ffa8,0x00000000ece80000)
  to   space 12288K, 0% used [0x00000000ed380000,0x00000000ed380000,0x00000000edf80000)
 ParOldGen       total 224256K, used 210485K [0x00000000c0000000, 0x00000000cdb00000, 0x00000000eab00000)
  object space 224256K, 93% used [0x00000000c0000000,0x00000000ccd8d720,0x00000000cdb00000)
 Metaspace       used 76432K, committed 77696K, reserved 1179648K
  class space    used 8057K, committed 8576K, reserved 1048576K
}
Event: 14.405 GC heap after
{Heap after GC invocations=229 (full 9):
 PSYoungGen      total 37376K, used 7733K [0x00000000eab00000, 0x00000000edb80000, 0x0000000100000000)
  eden space 29184K, 0% used [0x00000000eab00000,0x00000000eab00000,0x00000000ec780000)
  from space 8192K, 94% used [0x00000000ed380000,0x00000000edb0d478,0x00000000edb80000)
  to   space 9216K, 0% used [0x00000000ec980000,0x00000000ec980000,0x00000000ed280000)
 ParOldGen       total 224256K, used 215791K [0x00000000c0000000, 0x00000000cdb00000, 0x00000000eab00000)
  object space 224256K, 96% used [0x00000000c0000000,0x00000000cd2bbe28,0x00000000cdb00000)
 Metaspace       used 76432K, committed 77696K, reserved 1179648K
  class space    used 8057K, committed 8576K, reserved 1048576K
}
Event: 14.465 GC heap before
{Heap before GC invocations=230 (full 9):
 PSYoungGen      total 37376K, used 36917K [0x00000000eab00000, 0x00000000edb80000, 0x0000000100000000)
  eden space 29184K, 100% used [0x00000000eab00000,0x00000000ec780000,0x00000000ec780000)
  from space 8192K, 94% used [0x00000000ed380000,0x00000000edb0d478,0x00000000edb80000)
  to   space 9216K, 0% used [0x00000000ec980000,0x00000000ec980000,0x00000000ed280000)
 ParOldGen       total 224256K, used 215791K [0x00000000c0000000, 0x00000000cdb00000, 0x00000000eab00000)
  object space 224256K, 96% used [0x00000000c0000000,0x00000000cd2bbe28,0x00000000cdb00000)
 Metaspace       used 76432K, committed 77696K, reserved 1179648K
  class space    used 8057K, committed 8576K, reserved 1048576K
}
Event: 14.467 GC heap after
{Heap after GC invocations=230 (full 9):
 PSYoungGen      total 40448K, used 9196K [0x00000000eab00000, 0x00000000ee380000, 0x0000000100000000)
  eden space 31232K, 0% used [0x00000000eab00000,0x00000000eab00000,0x00000000ec980000)
  from space 9216K, 99% used [0x00000000ec980000,0x00000000ed27b098,0x00000000ed280000)
  to   space 13312K, 0% used [0x00000000ed680000,0x00000000ed680000,0x00000000ee380000)
 ParOldGen       total 224256K, used 218751K [0x00000000c0000000, 0x00000000cdb00000, 0x00000000eab00000)
  object space 224256K, 97% used [0x00000000c0000000,0x00000000cd59fd90,0x00000000cdb00000)
 Metaspace       used 76432K, committed 77696K, reserved 1179648K
  class space    used 8057K, committed 8576K, reserved 1048576K
}
Event: 14.529 GC heap before
{Heap before GC invocations=231 (full 9):
 PSYoungGen      total 40448K, used 40428K [0x00000000eab00000, 0x00000000ee380000, 0x0000000100000000)
  eden space 31232K, 100% used [0x00000000eab00000,0x00000000ec980000,0x00000000ec980000)
  from space 9216K, 99% used [0x00000000ec980000,0x00000000ed27b098,0x00000000ed280000)
  to   space 13312K, 0% used [0x00000000ed680000,0x00000000ed680000,0x00000000ee380000)
 ParOldGen       total 224256K, used 218751K [0x00000000c0000000, 0x00000000cdb00000, 0x00000000eab00000)
  object space 224256K, 97% used [0x00000000c0000000,0x00000000cd59fd90,0x00000000cdb00000)
 Metaspace       used 76432K, committed 77696K, reserved 1179648K
  class space    used 8057K, committed 8576K, reserved 1048576K
}
Event: 14.533 GC heap after
{Heap after GC invocations=231 (full 9):
 PSYoungGen      total 42496K, used 8659K [0x00000000eab00000, 0x00000000edf80000, 0x0000000100000000)
  eden space 33280K, 0% used [0x00000000eab00000,0x00000000eab00000,0x00000000ecb80000)
  from space 9216K, 93% used [0x00000000ed680000,0x00000000edef4c98,0x00000000edf80000)
  to   space 10240K, 0% used [0x00000000ecb80000,0x00000000ecb80000,0x00000000ed580000)
 ParOldGen       total 224768K, used 224297K [0x00000000c0000000, 0x00000000cdb80000, 0x00000000eab00000)
  object space 224768K, 99% used [0x00000000c0000000,0x00000000cdb0a458,0x00000000cdb80000)
 Metaspace       used 76432K, committed 77696K, reserved 1179648K
  class space    used 8057K, committed 8576K, reserved 1048576K
}
Event: 14.584 GC heap before
{Heap before GC invocations=232 (full 10):
 PSYoungGen      total 42496K, used 41939K [0x00000000eab00000, 0x00000000edf80000, 0x0000000100000000)
  eden space 33280K, 100% used [0x00000000eab00000,0x00000000ecb80000,0x00000000ecb80000)
  from space 9216K, 93% used [0x00000000ed680000,0x00000000edef4c98,0x00000000edf80000)
  to   space 10240K, 0% used [0x00000000ecb80000,0x00000000ecb80000,0x00000000ed580000)
 ParOldGen       total 224768K, used 224297K [0x00000000c0000000, 0x00000000cdb80000, 0x00000000eab00000)
  object space 224768K, 99% used [0x00000000c0000000,0x00000000cdb0a458,0x00000000cdb80000)
 Metaspace       used 76432K, committed 77696K, reserved 1179648K
  class space    used 8057K, committed 8576K, reserved 1048576K
}
Event: 14.755 GC heap after
{Heap after GC invocations=232 (full 10):
 PSYoungGen      total 43520K, used 7762K [0x00000000eab00000, 0x00000000ee180000, 0x0000000100000000)
  eden space 34304K, 0% used [0x00000000eab00000,0x00000000eab00000,0x00000000ecc80000)
  from space 9216K, 84% used [0x00000000ed680000,0x00000000ede148d8,0x00000000edf80000)
  to   space 10240K, 0% used [0x00000000ecc80000,0x00000000ecc80000,0x00000000ed680000)
 ParOldGen       total 288768K, used 224476K [0x00000000c0000000, 0x00000000d1a00000, 0x00000000eab00000)
  object space 288768K, 77% used [0x00000000c0000000,0x00000000cdb37018,0x00000000d1a00000)
 Metaspace       used 76432K, committed 77696K, reserved 1179648K
  class space    used 8057K, committed 8576K, reserved 1048576K
}
Event: 14.811 GC heap before
{Heap before GC invocations=233 (full 10):
 PSYoungGen      total 43520K, used 41994K [0x00000000eab00000, 0x00000000ee180000, 0x0000000100000000)
  eden space 34304K, 99% used [0x00000000eab00000,0x00000000ecc6e270,0x00000000ecc80000)
  from space 9216K, 84% used [0x00000000ed680000,0x00000000ede148d8,0x00000000edf80000)
  to   space 10240K, 0% used [0x00000000ecc80000,0x00000000ecc80000,0x00000000ed680000)
 ParOldGen       total 288768K, used 224476K [0x00000000c0000000, 0x00000000d1a00000, 0x00000000eab00000)
  object space 288768K, 77% used [0x00000000c0000000,0x00000000cdb37018,0x00000000d1a00000)
 Metaspace       used 76432K, committed 77696K, reserved 1179648K
  class space    used 8057K, committed 8576K, reserved 1048576K
}
Event: 14.825 GC heap after
{Heap after GC invocations=233 (full 10):
 PSYoungGen      total 44544K, used 10229K [0x00000000eab00000, 0x00000000eea80000, 0x0000000100000000)
  eden space 34304K, 0% used [0x00000000eab00000,0x00000000eab00000,0x00000000ecc80000)
  from space 10240K, 99% used [0x00000000ecc80000,0x00000000ed67d5e8,0x00000000ed680000)
  to   space 14336K, 0% used [0x00000000edc80000,0x00000000edc80000,0x00000000eea80000)
 ParOldGen       total 288768K, used 227365K [0x00000000c0000000, 0x00000000d1a00000, 0x00000000eab00000)
  object space 288768K, 78% used [0x00000000c0000000,0x00000000cde09600,0x00000000d1a00000)
 Metaspace       used 76432K, committed 77696K, reserved 1179648K
  class space    used 8057K, committed 8576K, reserved 1048576K
}
Event: 14.879 GC heap before
{Heap before GC invocations=234 (full 10):
 PSYoungGen      total 44544K, used 44533K [0x00000000eab00000, 0x00000000eea80000, 0x0000000100000000)
  eden space 34304K, 100% used [0x00000000eab00000,0x00000000ecc80000,0x00000000ecc80000)
  from space 10240K, 99% used [0x00000000ecc80000,0x00000000ed67d5e8,0x00000000ed680000)
  to   space 14336K, 0% used [0x00000000edc80000,0x00000000edc80000,0x00000000eea80000)
 ParOldGen       total 288768K, used 227365K [0x00000000c0000000, 0x00000000d1a00000, 0x00000000eab00000)
  object space 288768K, 78% used [0x00000000c0000000,0x00000000cde09600,0x00000000d1a00000)
 Metaspace       used 76432K, committed 77696K, reserved 1179648K
  class space    used 8057K, committed 8576K, reserved 1048576K
}
Event: 14.884 GC heap after
{Heap after GC invocations=234 (full 10):
 PSYoungGen      total 45568K, used 9213K [0x00000000eab00000, 0x00000000ee580000, 0x0000000100000000)
  eden space 36352K, 0% used [0x00000000eab00000,0x00000000eab00000,0x00000000ece80000)
  from space 9216K, 99% used [0x00000000edc80000,0x00000000ee57f728,0x00000000ee580000)
  to   space 10752K, 0% used [0x00000000ed080000,0x00000000ed080000,0x00000000edb00000)
 ParOldGen       total 288768K, used 233761K [0x00000000c0000000, 0x00000000d1a00000, 0x00000000eab00000)
  object space 288768K, 80% used [0x00000000c0000000,0x00000000ce4484b8,0x00000000d1a00000)
 Metaspace       used 76432K, committed 77696K, reserved 1179648K
  class space    used 8057K, committed 8576K, reserved 1048576K
}
Event: 14.934 GC heap before
{Heap before GC invocations=235 (full 10):
 PSYoungGen      total 45568K, used 45565K [0x00000000eab00000, 0x00000000ee580000, 0x0000000100000000)
  eden space 36352K, 100% used [0x00000000eab00000,0x00000000ece80000,0x00000000ece80000)
  from space 9216K, 99% used [0x00000000edc80000,0x00000000ee57f728,0x00000000ee580000)
  to   space 10752K, 0% used [0x00000000ed080000,0x00000000ed080000,0x00000000edb00000)
 ParOldGen       total 288768K, used 233761K [0x00000000c0000000, 0x00000000d1a00000, 0x00000000eab00000)
  object space 288768K, 80% used [0x00000000c0000000,0x00000000ce4484b8,0x00000000d1a00000)
 Metaspace       used 76432K, committed 77696K, reserved 1179648K
  class space    used 8057K, committed 8576K, reserved 1048576K
}
Event: 14.937 GC heap after
{Heap after GC invocations=235 (full 10):
 PSYoungGen      total 49152K, used 10750K [0x00000000eab00000, 0x00000000ef100000, 0x0000000100000000)
  eden space 38400K, 0% used [0x00000000eab00000,0x00000000eab00000,0x00000000ed080000)
  from space 10752K, 99% used [0x00000000ed080000,0x00000000edaff9e8,0x00000000edb00000)
  to   space 16384K, 0% used [0x00000000ee100000,0x00000000ee100000,0x00000000ef100000)
 ParOldGen       total 288768K, used 237944K [0x00000000c0000000, 0x00000000d1a00000, 0x00000000eab00000)
  object space 288768K, 82% used [0x00000000c0000000,0x00000000ce85e2a0,0x00000000d1a00000)
 Metaspace       used 76432K, committed 77696K, reserved 1179648K
  class space    used 8057K, committed 8576K, reserved 1048576K
}
Event: 15.113 GC heap before
{Heap before GC invocations=236 (full 10):
 PSYoungGen      total 49152K, used 49150K [0x00000000eab00000, 0x00000000ef100000, 0x0000000100000000)
  eden space 38400K, 100% used [0x00000000eab00000,0x00000000ed080000,0x00000000ed080000)
  from space 10752K, 99% used [0x00000000ed080000,0x00000000edaff9e8,0x00000000edb00000)
  to   space 16384K, 0% used [0x00000000ee100000,0x00000000ee100000,0x00000000ef100000)
 ParOldGen       total 288768K, used 237944K [0x00000000c0000000, 0x00000000d1a00000, 0x00000000eab00000)
  object space 288768K, 82% used [0x00000000c0000000,0x00000000ce85e2a0,0x00000000d1a00000)
 Metaspace       used 76451K, committed 77696K, reserved 1179648K
  class space    used 8058K, committed 8576K, reserved 1048576K
}
Event: 15.118 GC heap after
{Heap after GC invocations=236 (full 10):
 PSYoungGen      total 53248K, used 12364K [0x00000000eab00000, 0x00000000eed80000, 0x0000000100000000)
  eden space 40448K, 0% used [0x00000000eab00000,0x00000000eab00000,0x00000000ed280000)
  from space 12800K, 96% used [0x00000000ee100000,0x00000000eed13378,0x00000000eed80000)
  to   space 13312K, 0% used [0x00000000ed380000,0x00000000ed380000,0x00000000ee080000)
 ParOldGen       total 288768K, used 244339K [0x00000000c0000000, 0x00000000d1a00000, 0x00000000eab00000)
  object space 288768K, 84% used [0x00000000c0000000,0x00000000cee9cf40,0x00000000d1a00000)
 Metaspace       used 76451K, committed 77696K, reserved 1179648K
  class space    used 8058K, committed 8576K, reserved 1048576K
}
Event: 15.554 GC heap before
{Heap before GC invocations=237 (full 10):
 PSYoungGen      total 53248K, used 52796K [0x00000000eab00000, 0x00000000eed80000, 0x0000000100000000)
  eden space 40448K, 99% used [0x00000000eab00000,0x00000000ed27bcc0,0x00000000ed280000)
  from space 12800K, 96% used [0x00000000ee100000,0x00000000eed13378,0x00000000eed80000)
  to   space 13312K, 0% used [0x00000000ed380000,0x00000000ed380000,0x00000000ee080000)
 ParOldGen       total 288768K, used 244339K [0x00000000c0000000, 0x00000000d1a00000, 0x00000000eab00000)
  object space 288768K, 84% used [0x00000000c0000000,0x00000000cee9cf40,0x00000000d1a00000)
 Metaspace       used 76451K, committed 77696K, reserved 1179648K
  class space    used 8058K, committed 8576K, reserved 1048576K
}
Event: 15.566 GC heap after
{Heap after GC invocations=237 (full 10):
 PSYoungGen      total 53248K, used 13307K [0x00000000eab00000, 0x00000000f2800000, 0x0000000100000000)
  eden space 39936K, 0% used [0x00000000eab00000,0x00000000eab00000,0x00000000ed200000)
  from space 13312K, 99% used [0x00000000ed380000,0x00000000ee07ec30,0x00000000ee080000)
  to   space 44032K, 0% used [0x00000000efd00000,0x00000000efd00000,0x00000000f2800000)
 ParOldGen       total 288768K, used 270228K [0x00000000c0000000, 0x00000000d1a00000, 0x00000000eab00000)
  object space 288768K, 93% used [0x00000000c0000000,0x00000000d07e5138,0x00000000d1a00000)
 Metaspace       used 76451K, committed 77696K, reserved 1179648K
  class space    used 8058K, committed 8576K, reserved 1048576K
}

